New1/app/build/outputs/logs/manifest-merger-debug-report.txt
-- Merging decision tree log ---
manifest
ADDED from src\main\AndroidManifest.xml:2:1-47:12
	package
		ADDED from src\main\AndroidManifest.xml:3:11-40
		INJECTED from src\main\AndroidManifest.xml
		INJECTED from src\main\AndroidManifest.xml
	android:versionName
		INJECTED from src\main\AndroidManifest.xml
		INJECTED from src\main\AndroidManifest.xml
	xmlns:android
		ADDED from src\main\AndroidManifest.xml:2:11-69
	android:versionCode
		INJECTED from src\main\AndroidManifest.xml
		INJECTED from src\main\AndroidManifest.xml
uses-permission#android.permission.INTERNET
ADDED from src\main\AndroidManifest.xml:4:5-67
	android:name
		ADDED from src\main\AndroidManifest.xml:4:22-64
application
ADDED from src\main\AndroidManifest.xml:6:5-45:19
MERGED from [com.android.support:appcompat-v7:26.0.0-alpha1] AndroidManifest.xml:29:5-20
MERGED from [com.android.support:support-v4:26.0.0-alpha1] AndroidManifest.xml:29:5-20
MERGED from [com.android.support:support-media-compat:26.0.0-alpha1] AndroidManifest.xml:29:5-20
MERGED from [com.android.support:support-fragment:26.0.0-alpha1] AndroidManifest.xml:29:5-20
MERGED from [com.android.support:support-core-utils:26.0.0-alpha1] AndroidManifest.xml:29:5-20
MERGED from [com.android.support:animated-vector-drawable:26.0.0-alpha1] AndroidManifest.xml:26:5-20
MERGED from [com.android.support:support-vector-drawable:26.0.0-alpha1] AndroidManifest.xml:26:5-20
MERGED from [com.android.support.constraint:constraint-layout:1.0.2] AndroidManifest.xml:9:5-20
MERGED from [com.android.support:support-core-ui:26.0.0-alpha1] AndroidManifest.xml:29:5-20
MERGED from [com.android.support:support-compat:26.0.0-alpha1] AndroidManifest.xml:29:5-20
MERGED from [com.android.support:cardview-v7:26.0.0-alpha1] AndroidManifest.xml:26:5-20
	android:label
		ADDED from src\main\AndroidManifest.xml:9:9-28
	android:supportsRtl
		ADDED from src\main\AndroidManifest.xml:11:9-35
	android:roundIcon
		ADDED from src\main\AndroidManifest.xml:10:9-54
	android:allowBackup
		ADDED from src\main\AndroidManifest.xml:7:9-35
	android:icon
		ADDED from src\main\AndroidManifest.xml:8:9-43
	android:theme
		ADDED from src\main\AndroidManifest.xml:12:9-40
activity#com.bianlaoshi.new1.Login
ADDED from src\main\AndroidManifest.xml:13:9-19:20
	android:name
		ADDED from src\main\AndroidManifest.xml:13:19-40
intent-filter#android.intent.action.MAIN+android.intent.category.LAUNCHER
ADDED from src\main\AndroidManifest.xml:14:13-18:29
action#android.intent.action.MAIN
ADDED from src\main\AndroidManifest.xml:15:17-68
	android:name
		ADDED from src\main\AndroidManifest.xml:15:25-66
category#android.intent.category.LAUNCHER
ADDED from src\main\AndroidManifest.xml:17:17-76
	android:name
		ADDED from src\main\AndroidManifest.xml:17:27-74
activity#com.bianlaoshi.new1.l_1shouye
ADDED from src\main\AndroidManifest.xml:20:9-125
	android:screenOrientation
		ADDED from src\main\AndroidManifest.xml:20:77-113
	android:launchMode
		ADDED from src\main\AndroidManifest.xml:20:45-76
	android:name
		ADDED from src\main\AndroidManifest.xml:20:19-44
activity#com.bianlaoshi.new1.TeacherMessage
ADDED from src\main\AndroidManifest.xml:21:9-130
	android:screenOrientation
		ADDED from src\main\AndroidManifest.xml:21:82-118
	android:launchMode
		ADDED from src\main\AndroidManifest.xml:21:50-81
	android:name
		ADDED from src\main\AndroidManifest.xml:21:19-49
activity#com.bianlaoshi.new1.L_Discovery
ADDED from src\main\AndroidManifest.xml:22:9-25:61
	android:screenOrientation
		ADDED from src\main\AndroidManifest.xml:25:13-49
	android:launchMode
		ADDED from src\main\AndroidManifest.xml:24:13-44
	android:windowSoftInputMode
		ADDED from src\main\AndroidManifest.xml:23:13-67
	android:name
		ADDED from src\main\AndroidManifest.xml:22:19-46
activity#com.bianlaoshi.new1.L_Mine
ADDED from src\main\AndroidManifest.xml:26:9-121
	android:screenOrientation
		ADDED from src\main\AndroidManifest.xml:26:73-109
	android:launchMode
		ADDED from src\main\AndroidManifest.xml:26:41-72
	android:name
		ADDED from src\main\AndroidManifest.xml:26:19-40
activity#com.bianlaoshi.new1.X_Discovery
ADDED from src\main\AndroidManifest.xml:27:9-127
	android:screenOrientation
		ADDED from src\main\AndroidManifest.xml:27:79-115
	android:launchMode
		ADDED from src\main\AndroidManifest.xml:27:47-78
	android:name
		ADDED from src\main\AndroidManifest.xml:27:19-46
activity#com.bianlaoshi.new1.X_Mine
ADDED from src\main\AndroidManifest.xml:28:9-121
	android:screenOrientation
		ADDED from src\main\AndroidManifest.xml:28:73-109
	android:launchMode
		ADDED from src\main\AndroidManifest.xml:28:41-72
	android:name
		ADDED from src\main\AndroidManifest.xml:28:19-40
activity#com.bianlaoshi.new1.l_8gerenziliao
ADDED from src\main\AndroidManifest.xml:29:9-130
	android:screenOrientation
		ADDED from src\main\AndroidManifest.xml:29:82-118
	android:launchMode
		ADDED from src\main\AndroidManifest.xml:29:50-81
	android:name
		ADDED from src\main\AndroidManifest.xml:29:19-49
activity#com.bianlaoshi.new1.x_6shouye1Activity
ADDED from src\main\AndroidManifest.xml:30:9-134
	android:screenOrientation
		ADDED from src\main\AndroidManifest.xml:30:86-122
	android:launchMode
		ADDED from src\main\AndroidManifest.xml:30:54-85
	android:name
		ADDED from src\main\AndroidManifest.xml:30:19-53
activity#com.bianlaoshi.new1.x_13gerenziliao1
ADDED from src\main\AndroidManifest.xml:31:9-132
	android:screenOrientation
		ADDED from src\main\AndroidManifest.xml:31:84-120
	android:launchMode
		ADDED from src\main\AndroidManifest.xml:31:52-83
	android:name
		ADDED from src\main\AndroidManifest.xml:31:19-51
activity#com.bianlaoshi.new1.x_5xiangmuxiangqing1
ADDED from src\main\AndroidManifest.xml:32:9-136
	android:screenOrientation
		ADDED from src\main\AndroidManifest.xml:32:88-124
	android:launchMode
		ADDED from src\main\AndroidManifest.xml:32:56-87
	android:name
		ADDED from src\main\AndroidManifest.xml:32:19-55
activity#com.bianlaoshi.new1.l_12yaoqingxuesheng
ADDED from src\main\AndroidManifest.xml:33:9-135
	android:screenOrientation
		ADDED from src\main\AndroidManifest.xml:33:87-123
	android:launchMode
		ADDED from src\main\AndroidManifest.xml:33:55-86
	android:name
		ADDED from src\main\AndroidManifest.xml:33:19-54
activity#com.bianlaoshi.new1.l_5fabuxiangmuActivity
ADDED from src\main\AndroidManifest.xml:34:9-138
	android:screenOrientation
		ADDED from src\main\AndroidManifest.xml:34:90-126
	android:launchMode
		ADDED from src\main\AndroidManifest.xml:34:58-89
	android:name
		ADDED from src\main\AndroidManifest.xml:34:19-57
activity#com.bianlaoshi.new1.x_14yaoqingpingjiaActivity
ADDED from src\main\AndroidManifest.xml:35:9-142
	android:screenOrientation
		ADDED from src\main\AndroidManifest.xml:35:94-130
	android:launchMode
		ADDED from src\main\AndroidManifest.xml:35:62-93
	android:name
		ADDED from src\main\AndroidManifest.xml:35:19-61
activity#com.bianlaoshi.new1.l_10Activity
ADDED from src\main\AndroidManifest.xml:36:9-128
	android:screenOrientation
		ADDED from src\main\AndroidManifest.xml:36:80-116
	android:launchMode
		ADDED from src\main\AndroidManifest.xml:36:48-79
	android:name
		ADDED from src\main\AndroidManifest.xml:36:19-47
activity#com.bianlaoshi.new1.l_xiugaixiangmuActivity
ADDED from src\main\AndroidManifest.xml:37:9-139
	android:screenOrientation
		ADDED from src\main\AndroidManifest.xml:37:91-127
	android:launchMode
		ADDED from src\main\AndroidManifest.xml:37:59-90
	android:name
		ADDED from src\main\AndroidManifest.xml:37:19-58
activity#com.bianlaoshi.new1.a_4zhuceActivity
ADDED from src\main\AndroidManifest.xml:38:9-132
	android:screenOrientation
		ADDED from src\main\AndroidManifest.xml:38:84-120
	android:launchMode
		ADDED from src\main\AndroidManifest.xml:38:52-83
	android:name
		ADDED from src\main\AndroidManifest.xml:38:19-51
activity#com.bianlaoshi.new1.x_11self_reviewActivity
ADDED from src\main\AndroidManifest.xml:39:9-139
	android:screenOrientation
		ADDED from src\main\AndroidManifest.xml:39:91-127
	android:launchMode
		ADDED from src\main\AndroidManifest.xml:39:59-90
	android:name
		ADDED from src\main\AndroidManifest.xml:39:19-58
activity#com.bianlaoshi.new1.chooseStudentActivity
ADDED from src\main\AndroidManifest.xml:40:9-137
	android:screenOrientation
		ADDED from src\main\AndroidManifest.xml:40:89-125
	android:launchMode
		ADDED from src\main\AndroidManifest.xml:40:57-88
	android:name
		ADDED from src\main\AndroidManifest.xml:40:19-56
activity#com.bianlaoshi.new1.zhaohuimimaActivity
ADDED from src\main\AndroidManifest.xml:41:9-135
	android:screenOrientation
		ADDED from src\main\AndroidManifest.xml:41:87-123
	android:launchMode
		ADDED from src\main\AndroidManifest.xml:41:55-86
	android:name
		ADDED from src\main\AndroidManifest.xml:41:19-54
activity#com.bianlaoshi.new1.x_10review_teacherActivity
ADDED from src\main\AndroidManifest.xml:42:9-142
	android:screenOrientation
		ADDED from src\main\AndroidManifest.xml:42:94-130
	android:launchMode
		ADDED from src\main\AndroidManifest.xml:42:62-93
	android:name
		ADDED from src\main\AndroidManifest.xml:42:19-61
activity#com.bianlaoshi.new1.l_xiangmuchengyuanActivity
ADDED from src\main\AndroidManifest.xml:43:9-142
	android:screenOrientation
		ADDED from src\main\AndroidManifest.xml:43:94-130
	android:launchMode
		ADDED from src\main\AndroidManifest.xml:43:62-93
	android:name
		ADDED from src\main\AndroidManifest.xml:43:19-61
uses-sdk
INJECTED from src\main\AndroidManifest.xml reason: use-sdk injection requested
MERGED from [com.android.support:appcompat-v7:26.0.0-alpha1] AndroidManifest.xml:21:5-23:78
MERGED from [com.android.support:support-v4:26.0.0-alpha1] AndroidManifest.xml:21:5-23:54
MERGED from [com.android.support:support-media-compat:26.0.0-alpha1] AndroidManifest.xml:21:5-23:63
MERGED from [com.android.support:support-fragment:26.0.0-alpha1] AndroidManifest.xml:21:5-23:60
MERGED from [com.android.support:support-core-utils:26.0.0-alpha1] AndroidManifest.xml:21:5-23:61
MERGED from [com.android.support:animated-vector-drawable:26.0.0-alpha1] AndroidManifest.xml:20:5-44
MERGED from [com.android.support:support-vector-drawable:26.0.0-alpha1] AndroidManifest.xml:20:5-44
MERGED from [com.android.support.constraint:constraint-layout:1.0.2] AndroidManifest.xml:5:5-7:41
MERGED from [com.android.support:recyclerview-v7:26.0.0-alpha1] AndroidManifest.xml:20:5-44
MERGED from [com.android.support:support-core-ui:26.0.0-alpha1] AndroidManifest.xml:21:5-23:58
MERGED from [com.android.support:support-compat:26.0.0-alpha1] AndroidManifest.xml:21:5-23:58
MERGED from [com.android.support:cardview-v7:26.0.0-alpha1] AndroidManifest.xml:20:5-44
	tools:overrideLibrary
		ADDED from [com.android.support:appcompat-v7:26.0.0-alpha1] AndroidManifest.xml:23:9-75
	android:targetSdkVersion
		INJECTED from src\main\AndroidManifest.xml
		INJECTED from src\main\AndroidManifest.xml
	android:minSdkVersion
		INJECTED from src\main\AndroidManifest.xml
		INJECTED from src\main\AndroidManifest.xml
meta-data#android.support.VERSION
ADDED from [com.android.support:appcompat-v7:26.0.0-alpha1] AndroidManifest.xml:25:5-27:41
MERGED from [com.android.support:support-v4:26.0.0-alpha1] AndroidManifest.xml:25:5-27:41
MERGED from [com.android.support:support-media-compat:26.0.0-alpha1] AndroidManifest.xml:25:5-27:41
MERGED from [com.android.support:support-fragment:26.0.0-alpha1] AndroidManifest.xml:25:5-27:41
MERGED from [com.android.support:support-core-utils:26.0.0-alpha1] AndroidManifest.xml:25:5-27:41
MERGED from [com.android.support:animated-vector-drawable:26.0.0-alpha1] AndroidManifest.xml:22:5-24:41
MERGED from [com.android.support:support-vector-drawable:26.0.0-alpha1] AndroidManifest.xml:22:5-24:41
MERGED from [com.android.support:recyclerview-v7:26.0.0-alpha1] AndroidManifest.xml:22:5-24:41
MERGED from [com.android.support:support-core-ui:26.0.0-alpha1] AndroidManifest.xml:25:5-27:41
MERGED from [com.android.support:support-compat:26.0.0-alpha1] AndroidManifest.xml:25:5-27:41
MERGED from [com.android.support:cardview-v7:26.0.0-alpha1] AndroidManifest.xml:22:5-24:41
	android:value
		ADDED from [com.android.support:appcompat-v7:26.0.0-alpha1] AndroidManifest.xml:27:9-38
	android:name
		ADDED from [com.android.support:appcompat-v7:26.0.0-alpha1] AndroidManifest.xml:26:9-47